Traceback (most recent call last):
  File "/usr/share/miniconda/envs/swd6_hpp/lib/python3.9/site-packages/jupyter_cache/executors/utils.py", line 51, in single_nb_execution
    executenb(
  File "/usr/share/miniconda/envs/swd6_hpp/lib/python3.9/site-packages/nbclient/client.py", line 1204, in execute
    return NotebookClient(nb=nb, resources=resources, km=km, **kwargs).execute()
  File "/usr/share/miniconda/envs/swd6_hpp/lib/python3.9/site-packages/nbclient/util.py", line 84, in wrapped
    return just_run(coro(*args, **kwargs))
  File "/usr/share/miniconda/envs/swd6_hpp/lib/python3.9/site-packages/nbclient/util.py", line 62, in just_run
    return loop.run_until_complete(coro)
  File "/usr/share/miniconda/envs/swd6_hpp/lib/python3.9/asyncio/base_events.py", line 647, in run_until_complete
    return future.result()
  File "/usr/share/miniconda/envs/swd6_hpp/lib/python3.9/site-packages/nbclient/client.py", line 663, in async_execute
    await self.async_execute_cell(
  File "/usr/share/miniconda/envs/swd6_hpp/lib/python3.9/site-packages/nbclient/client.py", line 965, in async_execute_cell
    await self._check_raise_for_error(cell, cell_index, exec_reply)
  File "/usr/share/miniconda/envs/swd6_hpp/lib/python3.9/site-packages/nbclient/client.py", line 862, in _check_raise_for_error
    raise CellExecutionError.from_cell_and_msg(cell, exec_reply_content)
nbclient.exceptions.CellExecutionError: An error occurred while executing the following cell:
------------------
import jax
import jax.numpy as jnp
import numpy as np
------------------

[0;31m---------------------------------------------------------------------------[0m
[0;31mModuleNotFoundError[0m                       Traceback (most recent call last)
File [0;32m/usr/share/miniconda/envs/swd6_hpp/lib/python3.9/site-packages/jax/_src/lib/__init__.py:52[0m, in [0;36m<module>[0;34m[0m
[1;32m     51[0m [38;5;28;01mtry[39;00m:
[0;32m---> 52[0m   [38;5;28;01mimport[39;00m [38;5;21;01mjaxlib[39;00m [38;5;28;01mas[39;00m [38;5;21;01mjaxlib[39;00m
[1;32m     53[0m [38;5;28;01mexcept[39;00m [38;5;167;01mModuleNotFoundError[39;00m [38;5;28;01mas[39;00m err:

[0;31mModuleNotFoundError[0m: No module named 'jaxlib'

The above exception was the direct cause of the following exception:

[0;31mModuleNotFoundError[0m                       Traceback (most recent call last)
Input [0;32mIn [28][0m, in [0;36m<cell line: 1>[0;34m()[0m
[0;32m----> 1[0m [38;5;28;01mimport[39;00m [38;5;21;01mjax[39;00m
[1;32m      2[0m [38;5;28;01mimport[39;00m [38;5;21;01mjax[39;00m[38;5;21;01m.[39;00m[38;5;21;01mnumpy[39;00m [38;5;28;01mas[39;00m [38;5;21;01mjnp[39;00m
[1;32m      3[0m [38;5;28;01mimport[39;00m [38;5;21;01mnumpy[39;00m [38;5;28;01mas[39;00m [38;5;21;01mnp[39;00m

File [0;32m/usr/share/miniconda/envs/swd6_hpp/lib/python3.9/site-packages/jax/__init__.py:37[0m, in [0;36m<module>[0;34m[0m
[1;32m     30[0m [38;5;28;01mdel[39;00m _cloud_tpu_init
[1;32m     32[0m [38;5;66;03m# flake8: noqa: F401[39;00m
[1;32m     33[0m 
[1;32m     34[0m [38;5;66;03m# Confusingly there are two things named "config": the module and the class.[39;00m
[1;32m     35[0m [38;5;66;03m# We want the exported object to be the class, so we first import the module[39;00m
[1;32m     36[0m [38;5;66;03m# to make sure a later import doesn't overwrite the class.[39;00m
[0;32m---> 37[0m [38;5;28;01mfrom[39;00m [38;5;21;01mjax[39;00m [38;5;28;01mimport[39;00m config [38;5;28;01mas[39;00m _config_module
[1;32m     38[0m [38;5;28;01mdel[39;00m _config_module
[1;32m     40[0m [38;5;28;01mfrom[39;00m [38;5;21;01mjax[39;00m[38;5;21;01m.[39;00m[38;5;21;01m_src[39;00m[38;5;21;01m.[39;00m[38;5;21;01mconfig[39;00m [38;5;28;01mimport[39;00m (
[1;32m     41[0m   config [38;5;28;01mas[39;00m config,
[1;32m     42[0m   enable_checks [38;5;28;01mas[39;00m enable_checks,
[0;32m   (...)[0m
[1;32m     57[0m   transfer_guard_device_to_host [38;5;28;01mas[39;00m transfer_guard_device_to_host,
[1;32m     58[0m )

File [0;32m/usr/share/miniconda/envs/swd6_hpp/lib/python3.9/site-packages/jax/config.py:18[0m, in [0;36m<module>[0;34m[0m
[1;32m      1[0m [38;5;66;03m# Copyright 2018 Google LLC[39;00m
[1;32m      2[0m [38;5;66;03m#[39;00m
[1;32m      3[0m [38;5;66;03m# Licensed under the Apache License, Version 2.0 (the "License");[39;00m
[0;32m   (...)[0m
[1;32m     16[0m 
[1;32m     17[0m [38;5;66;03m# flake8: noqa: F401[39;00m
[0;32m---> 18[0m [38;5;28;01mfrom[39;00m [38;5;21;01mjax[39;00m[38;5;21;01m.[39;00m[38;5;21;01m_src[39;00m[38;5;21;01m.[39;00m[38;5;21;01mconfig[39;00m [38;5;28;01mimport[39;00m config

File [0;32m/usr/share/miniconda/envs/swd6_hpp/lib/python3.9/site-packages/jax/_src/config.py:27[0m, in [0;36m<module>[0;34m[0m
[1;32m     24[0m [38;5;28;01mfrom[39;00m [38;5;21;01mtyping[39;00m [38;5;28;01mimport[39;00m Any, List, Callable, NamedTuple, Iterator, Optional
[1;32m     25[0m [38;5;28;01mimport[39;00m [38;5;21;01mwarnings[39;00m
[0;32m---> 27[0m [38;5;28;01mfrom[39;00m [38;5;21;01mjax[39;00m[38;5;21;01m.[39;00m[38;5;21;01m_src[39;00m [38;5;28;01mimport[39;00m lib
[1;32m     28[0m [38;5;28;01mfrom[39;00m [38;5;21;01mjax[39;00m[38;5;21;01m.[39;00m[38;5;21;01m_src[39;00m[38;5;21;01m.[39;00m[38;5;21;01mlib[39;00m [38;5;28;01mimport[39;00m jax_jit
[1;32m     29[0m [38;5;28;01mfrom[39;00m [38;5;21;01mjax[39;00m[38;5;21;01m.[39;00m[38;5;21;01m_src[39;00m[38;5;21;01m.[39;00m[38;5;21;01mlib[39;00m [38;5;28;01mimport[39;00m transfer_guard_lib

File [0;32m/usr/share/miniconda/envs/swd6_hpp/lib/python3.9/site-packages/jax/_src/lib/__init__.py:54[0m, in [0;36m<module>[0;34m[0m
[1;32m     52[0m   [38;5;28;01mimport[39;00m [38;5;21;01mjaxlib[39;00m [38;5;28;01mas[39;00m [38;5;21;01mjaxlib[39;00m
[1;32m     53[0m [38;5;28;01mexcept[39;00m [38;5;167;01mModuleNotFoundError[39;00m [38;5;28;01mas[39;00m err:
[0;32m---> 54[0m   [38;5;28;01mraise[39;00m [38;5;167;01mModuleNotFoundError[39;00m(
[1;32m     55[0m     [38;5;124m'[39m[38;5;124mjax requires jaxlib to be installed. See [39m[38;5;124m'[39m
[1;32m     56[0m     [38;5;124m'[39m[38;5;124mhttps://github.com/google/jax#installation for installation instructions.[39m[38;5;124m'[39m
[1;32m     57[0m     ) [38;5;28;01mfrom[39;00m [38;5;21;01merr[39;00m
[1;32m     59[0m [38;5;28;01mimport[39;00m jax[38;5;241m.[39mversion
[1;32m     60[0m [38;5;28;01mfrom[39;00m [38;5;21;01mjax[39;00m[38;5;21;01m.[39;00m[38;5;21;01mversion[39;00m [38;5;28;01mimport[39;00m _minimum_jaxlib_version [38;5;28;01mas[39;00m _minimum_jaxlib_version_str

[0;31mModuleNotFoundError[0m: jax requires jaxlib to be installed. See https://github.com/google/jax#installation for installation instructions.
ModuleNotFoundError: jax requires jaxlib to be installed. See https://github.com/google/jax#installation for installation instructions.

